"D:/UNREAL ENGINE PROJECTS/Building Escape/Building_Escape/Content/Mannequin/Character/Mesh/SK_Mannequin_PhysicsAsset.uasset" 0
"D:/UNREAL ENGINE PROJECTS/Building Escape/Building_Escape/Content/Mannequin/Character/Mesh/SK_Mannequin_PhysicsAsset.uexp" 1
"D:/UNREAL ENGINE PROJECTS/Building Escape/Building_Escape/Content/Mannequin/Character/Textures/T_UE4Logo_N.uasset" 2
"D:/UNREAL ENGINE PROJECTS/Building Escape/Building_Escape/Content/Mannequin/Character/Textures/T_UE4Logo_N.uexp" 3
"D:/UNREAL ENGINE PROJECTS/Building Escape/Building_Escape/Content/Mannequin/Character/Textures/T_UE4Logo_N.ubulk" 4
"D:/UNREAL ENGINE PROJECTS/Building Escape/Building_Escape/Content/Mannequin/Character/Textures/T_UE4Logo_Mask.uasset" 5
"D:/UNREAL ENGINE PROJECTS/Building Escape/Building_Escape/Content/Mannequin/Character/Textures/T_UE4Logo_Mask.uexp" 6
"D:/UNREAL ENGINE PROJECTS/Building Escape/Building_Escape/Content/Mannequin/Character/Textures/T_UE4Logo_Mask.ubulk" 7
"D:/UNREAL ENGINE PROJECTS/Building Escape/Building_Escape/Content/Mannequin/Character/Textures/T_Male_N.uasset" 8
"D:/UNREAL ENGINE PROJECTS/Building Escape/Building_Escape/Content/Mannequin/Character/Textures/T_Male_N.uexp" 9
"D:/UNREAL ENGINE PROJECTS/Building Escape/Building_Escape/Content/Mannequin/Character/Textures/T_Male_N.ubulk" 10
"D:/UNREAL ENGINE PROJECTS/Building Escape/Building_Escape/Content/Mannequin/Character/Textures/T_Male_Mask.uasset" 11
"D:/UNREAL ENGINE PROJECTS/Building Escape/Building_Escape/Content/Mannequin/Character/Textures/T_Male_Mask.uexp" 12
"D:/UNREAL ENGINE PROJECTS/Building Escape/Building_Escape/Content/Mannequin/Character/Textures/T_Male_Mask.ubulk" 13
"D:/UNREAL ENGINE PROJECTS/Building Escape/Building_Escape/Content/Mannequin/Character/Materials/MaterialLayers/T_ML_Rubber_Blue_01_N.uasset" 14
"D:/UNREAL ENGINE PROJECTS/Building Escape/Building_Escape/Content/Mannequin/Character/Materials/MaterialLayers/T_ML_Rubber_Blue_01_N.uexp" 15
"D:/UNREAL ENGINE PROJECTS/Building Escape/Building_Escape/Content/Mannequin/Character/Materials/MaterialLayers/T_ML_Rubber_Blue_01_N.ubulk" 16
"D:/UNREAL ENGINE PROJECTS/Building Escape/Building_Escape/Content/Mannequin/Character/Materials/MaterialLayers/T_ML_Rubber_Blue_01_D.uasset" 17
"D:/UNREAL ENGINE PROJECTS/Building Escape/Building_Escape/Content/Mannequin/Character/Materials/MaterialLayers/T_ML_Rubber_Blue_01_D.uexp" 18
"D:/UNREAL ENGINE PROJECTS/Building Escape/Building_Escape/Content/Mannequin/Character/Materials/MaterialLayers/T_ML_Rubber_Blue_01_D.ubulk" 19
"D:/UNREAL ENGINE PROJECTS/Building Escape/Building_Escape/Content/Mannequin/Character/Materials/MaterialLayers/T_ML_Aluminum01_N.uasset" 20
"D:/UNREAL ENGINE PROJECTS/Building Escape/Building_Escape/Content/Mannequin/Character/Materials/MaterialLayers/T_ML_Aluminum01_N.uexp" 21
"D:/UNREAL ENGINE PROJECTS/Building Escape/Building_Escape/Content/Mannequin/Character/Materials/MaterialLayers/T_ML_Aluminum01_N.ubulk" 22
"D:/UNREAL ENGINE PROJECTS/Building Escape/Building_Escape/Content/Mannequin/Character/Materials/MaterialLayers/T_ML_Aluminum01.uasset" 23
"D:/UNREAL ENGINE PROJECTS/Building Escape/Building_Escape/Content/Mannequin/Character/Materials/MaterialLayers/T_ML_Aluminum01.uexp" 24
"D:/UNREAL ENGINE PROJECTS/Building Escape/Building_Escape/Content/Mannequin/Character/Materials/MaterialLayers/T_ML_Aluminum01.ubulk" 25
"D:/UNREAL ENGINE PROJECTS/Building Escape/Building_Escape/Content/Mannequin/Character/Materials/MaterialLayers/ML_SoftMetal_UE4.uasset" 26
"D:/UNREAL ENGINE PROJECTS/Building Escape/Building_Escape/Content/Mannequin/Character/Materials/MaterialLayers/ML_SoftMetal_UE4.uexp" 27
"D:/UNREAL ENGINE PROJECTS/Building Escape/Building_Escape/Content/Mannequin/Character/Materials/MaterialLayers/ML_Plastic_Shiny_Beige_LOGO.uasset" 28
"D:/UNREAL ENGINE PROJECTS/Building Escape/Building_Escape/Content/Mannequin/Character/Materials/MaterialLayers/ML_Plastic_Shiny_Beige_LOGO.uexp" 29
"D:/UNREAL ENGINE PROJECTS/Building Escape/Building_Escape/Content/Mannequin/Character/Materials/MaterialLayers/ML_Plastic_Shiny_Beige.uasset" 30
"D:/UNREAL ENGINE PROJECTS/Building Escape/Building_Escape/Content/Mannequin/Character/Materials/MaterialLayers/ML_Plastic_Shiny_Beige.uexp" 31
"D:/UNREAL ENGINE PROJECTS/Building Escape/Building_Escape/Content/Mannequin/Character/Materials/MaterialLayers/ML_GlossyBlack_Latex_UE4.uasset" 32
"D:/UNREAL ENGINE PROJECTS/Building Escape/Building_Escape/Content/Mannequin/Character/Materials/MaterialLayers/ML_GlossyBlack_Latex_UE4.uexp" 33
"../../../Engine/Content/Functions/MaterialLayerFunctions/MatLayerBlend_Simple.uasset" 34
"../../../Engine/Content/Functions/MaterialLayerFunctions/MatLayerBlend_Simple.uexp" 35
"../../../Engine/Content/Functions/Engine_MaterialFunctions02/Utility/BlendAngleCorrectedNormals.uasset" 36
"../../../Engine/Content/Functions/Engine_MaterialFunctions02/Utility/BlendAngleCorrectedNormals.uexp" 37
"../../../Engine/Content/Functions/MaterialLayerFunctions/MatLayerBlend_NormalBlend.uasset" 38
"../../../Engine/Content/Functions/MaterialLayerFunctions/MatLayerBlend_NormalBlend.uexp" 39
"D:/UNREAL ENGINE PROJECTS/Building Escape/Building_Escape/Content/Mannequin/Character/Materials/M_Male_Body.uasset" 40
"D:/UNREAL ENGINE PROJECTS/Building Escape/Building_Escape/Content/Mannequin/Character/Materials/M_Male_Body.uexp" 41
"D:/UNREAL ENGINE PROJECTS/Building Escape/Building_Escape/Content/Mannequin/Character/Materials/M_UE4Man_ChestLogo.uasset" 42
"D:/UNREAL ENGINE PROJECTS/Building Escape/Building_Escape/Content/Mannequin/Character/Materials/M_UE4Man_ChestLogo.uexp" 43
"D:/UNREAL ENGINE PROJECTS/Building Escape/Building_Escape/Content/Mannequin/Character/Mesh/UE4_Mannequin_Skeleton.uasset" 44
"D:/UNREAL ENGINE PROJECTS/Building Escape/Building_Escape/Content/Mannequin/Character/Mesh/UE4_Mannequin_Skeleton.uexp" 45
"D:/UNREAL ENGINE PROJECTS/Building Escape/Building_Escape/Content/Mannequin/Character/Mesh/SK_Mannequin.uasset" 46
"D:/UNREAL ENGINE PROJECTS/Building Escape/Building_Escape/Content/Mannequin/Character/Mesh/SK_Mannequin.uexp" 47
"../../../Engine/Content/EditorBlueprintResources/StandardMacros.uasset" 48
"../../../Engine/Content/EditorBlueprintResources/StandardMacros.uexp" 49
"D:/UNREAL ENGINE PROJECTS/Building Escape/Building_Escape/Content/Mannequin/Animations/ThirdPersonWalk.uasset" 50
"D:/UNREAL ENGINE PROJECTS/Building Escape/Building_Escape/Content/Mannequin/Animations/ThirdPersonWalk.uexp" 51
"D:/UNREAL ENGINE PROJECTS/Building Escape/Building_Escape/Content/Mannequin/Animations/ThirdPersonRun.uasset" 52
"D:/UNREAL ENGINE PROJECTS/Building Escape/Building_Escape/Content/Mannequin/Animations/ThirdPersonRun.uexp" 53
"D:/UNREAL ENGINE PROJECTS/Building Escape/Building_Escape/Content/Mannequin/Animations/ThirdPersonIdle.uasset" 54
"D:/UNREAL ENGINE PROJECTS/Building Escape/Building_Escape/Content/Mannequin/Animations/ThirdPersonIdle.uexp" 55
"D:/UNREAL ENGINE PROJECTS/Building Escape/Building_Escape/Content/Mannequin/Animations/ThirdPerson_IdleRun_2D.uasset" 56
"D:/UNREAL ENGINE PROJECTS/Building Escape/Building_Escape/Content/Mannequin/Animations/ThirdPerson_IdleRun_2D.uexp" 57
"D:/UNREAL ENGINE PROJECTS/Building Escape/Building_Escape/Content/Mannequin/Animations/ThirdPerson_Jump.uasset" 58
"D:/UNREAL ENGINE PROJECTS/Building Escape/Building_Escape/Content/Mannequin/Animations/ThirdPerson_Jump.uexp" 59
"D:/UNREAL ENGINE PROJECTS/Building Escape/Building_Escape/Content/Mannequin/Animations/ThirdPersonJump_Start.uasset" 60
"D:/UNREAL ENGINE PROJECTS/Building Escape/Building_Escape/Content/Mannequin/Animations/ThirdPersonJump_Start.uexp" 61
"D:/UNREAL ENGINE PROJECTS/Building Escape/Building_Escape/Content/Mannequin/Animations/ThirdPersonJump_Loop.uasset" 62
"D:/UNREAL ENGINE PROJECTS/Building Escape/Building_Escape/Content/Mannequin/Animations/ThirdPersonJump_Loop.uexp" 63
"D:/UNREAL ENGINE PROJECTS/Building Escape/Building_Escape/Content/Mannequin/Animations/ThirdPerson_AnimBP.uasset" 64
"D:/UNREAL ENGINE PROJECTS/Building Escape/Building_Escape/Content/Mannequin/Animations/ThirdPerson_AnimBP.uexp" 65
"D:/UNREAL ENGINE PROJECTS/Building Escape/Building_Escape/Content/ThirdPersonBP/Blueprints/ThirdPersonCharacter.uasset" 66
"D:/UNREAL ENGINE PROJECTS/Building Escape/Building_Escape/Content/ThirdPersonBP/Blueprints/ThirdPersonCharacter.uexp" 67
"D:/UNREAL ENGINE PROJECTS/Building Escape/Building_Escape/Content/MyBuilding_EscapeGameModeBase_BP.uasset" 68
"D:/UNREAL ENGINE PROJECTS/Building Escape/Building_Escape/Content/MyBuilding_EscapeGameModeBase_BP.uexp" 69
"D:/UNREAL ENGINE PROJECTS/Building Escape/Building_Escape/Content/Mannequin/Animations/ThirdPersonJump_End.uasset" 70
"D:/UNREAL ENGINE PROJECTS/Building Escape/Building_Escape/Content/Mannequin/Animations/ThirdPersonJump_End.uexp" 71
"D:/UNREAL ENGINE PROJECTS/Building Escape/Building_Escape/Content/Mannequin/Character/Mesh/SK_Mannequin_Female_PhysicsAsset.uasset" 72
"D:/UNREAL ENGINE PROJECTS/Building Escape/Building_Escape/Content/Mannequin/Character/Mesh/SK_Mannequin_Female_PhysicsAsset.uexp" 73
"D:/UNREAL ENGINE PROJECTS/Building Escape/Building_Escape/Content/Mannequin/Character/Textures/T_Female_N.uasset" 74
"D:/UNREAL ENGINE PROJECTS/Building Escape/Building_Escape/Content/Mannequin/Character/Textures/T_Female_N.uexp" 75
"D:/UNREAL ENGINE PROJECTS/Building Escape/Building_Escape/Content/Mannequin/Character/Textures/T_Female_N.ubulk" 76
"D:/UNREAL ENGINE PROJECTS/Building Escape/Building_Escape/Content/Mannequin/Character/Textures/T_Female_Mask.uasset" 77
"D:/UNREAL ENGINE PROJECTS/Building Escape/Building_Escape/Content/Mannequin/Character/Textures/T_Female_Mask.uexp" 78
"D:/UNREAL ENGINE PROJECTS/Building Escape/Building_Escape/Content/Mannequin/Character/Textures/T_Female_Mask.ubulk" 79
"D:/UNREAL ENGINE PROJECTS/Building Escape/Building_Escape/Content/Mannequin/Character/Materials/MI_Female_Body.uasset" 80
"D:/UNREAL ENGINE PROJECTS/Building Escape/Building_Escape/Content/Mannequin/Character/Materials/MI_Female_Body.uexp" 81
"D:/UNREAL ENGINE PROJECTS/Building Escape/Building_Escape/Content/Mannequin/Character/Mesh/SK_Mannequin_Female.uasset" 82
"D:/UNREAL ENGINE PROJECTS/Building Escape/Building_Escape/Content/Mannequin/Character/Mesh/SK_Mannequin_Female.uexp" 83
"D:/UNREAL ENGINE PROJECTS/Building Escape/Building_Escape/Content/Models/Materials_and_textures/floor.uasset" 84
"D:/UNREAL ENGINE PROJECTS/Building Escape/Building_Escape/Content/Models/Materials_and_textures/floor.uexp" 85
"D:/UNREAL ENGINE PROJECTS/Building Escape/Building_Escape/Content/Models/Materials_and_textures/floor.ubulk" 86
"D:/UNREAL ENGINE PROJECTS/Building Escape/Building_Escape/Content/Models/Materials_and_textures/M_Floor_Mat.uasset" 87
"D:/UNREAL ENGINE PROJECTS/Building Escape/Building_Escape/Content/Models/Materials_and_textures/M_Floor_Mat.uexp" 88
"D:/UNREAL ENGINE PROJECTS/Building Escape/Building_Escape/Content/Models/Materials_and_textures/doornew.uasset" 89
"D:/UNREAL ENGINE PROJECTS/Building Escape/Building_Escape/Content/Models/Materials_and_textures/doornew.uexp" 90
"D:/UNREAL ENGINE PROJECTS/Building Escape/Building_Escape/Content/Models/Materials_and_textures/doornew.ubulk" 91
"D:/UNREAL ENGINE PROJECTS/Building Escape/Building_Escape/Content/Models/Materials_and_textures/M_doornew_Mat.uasset" 92
"D:/UNREAL ENGINE PROJECTS/Building Escape/Building_Escape/Content/Models/Materials_and_textures/M_doornew_Mat.uexp" 93
"D:/UNREAL ENGINE PROJECTS/Building Escape/Building_Escape/Content/Models/Materials_and_textures/MI_Floor_Instance.uasset" 94
"D:/UNREAL ENGINE PROJECTS/Building Escape/Building_Escape/Content/Models/Materials_and_textures/MI_Floor_Instance.uexp" 95
"D:/UNREAL ENGINE PROJECTS/Building Escape/Building_Escape/Content/Models/Materials_and_textures/M_Broken_Concrete.uasset" 96
"D:/UNREAL ENGINE PROJECTS/Building Escape/Building_Escape/Content/Models/Materials_and_textures/M_Broken_Concrete.uexp" 97
"D:/UNREAL ENGINE PROJECTS/Building Escape/Building_Escape/Content/Models/Materials_and_textures/MI_walls.uasset" 98
"D:/UNREAL ENGINE PROJECTS/Building Escape/Building_Escape/Content/Models/Materials_and_textures/MI_walls.uexp" 99
"../../../Engine/Content/EngineMaterials/T_Default_Material_Grid_N.uasset" 100
"../../../Engine/Content/EngineMaterials/T_Default_Material_Grid_N.uexp" 101
"../../../Engine/Content/EngineMaterials/T_Default_Material_Grid_N.ubulk" 102
"../../../Engine/Content/EngineMaterials/T_Default_Material_Grid_M.uasset" 103
"../../../Engine/Content/EngineMaterials/T_Default_Material_Grid_M.uexp" 104
"../../../Engine/Content/EngineMaterials/T_Default_Material_Grid_M.ubulk" 105
"../../../Engine/Content/Functions/Engine_MaterialFunctions01/Opacity/CameraDepthFade.uasset" 106
"../../../Engine/Content/Functions/Engine_MaterialFunctions01/Opacity/CameraDepthFade.uexp" 107
"../../../Engine/Content/EngineMaterials/WorldGridMaterial.uasset" 108
"../../../Engine/Content/EngineMaterials/WorldGridMaterial.uexp" 109
"D:/UNREAL ENGINE PROJECTS/Building Escape/Building_Escape/Content/Models/Materials_and_textures/Samplemesh.uasset" 110
"D:/UNREAL ENGINE PROJECTS/Building Escape/Building_Escape/Content/Models/Materials_and_textures/Samplemesh.uexp" 111
"D:/UNREAL ENGINE PROJECTS/Building Escape/Building_Escape/Content/Models/Materials_and_textures/Blueprints/DefaultPawn_Blueprint.uasset" 112
"D:/UNREAL ENGINE PROJECTS/Building Escape/Building_Escape/Content/Models/Materials_and_textures/Blueprints/DefaultPawn_Blueprint.uexp" 113
"D:/UNREAL ENGINE PROJECTS/Building Escape/Building_Escape/Content/Sounds/doorclose.uasset" 114
"D:/UNREAL ENGINE PROJECTS/Building Escape/Building_Escape/Content/Sounds/doorclose.uexp" 115
"D:/UNREAL ENGINE PROJECTS/Building Escape/Building_Escape/Content/Sounds/dooropen.uasset" 116
"D:/UNREAL ENGINE PROJECTS/Building Escape/Building_Escape/Content/Sounds/dooropen.uexp" 117
"D:/UNREAL ENGINE PROJECTS/Building Escape/Building_Escape/Content/ThirdPersonBP/Blueprints/ThirdPersonGameMode.uasset" 118
"D:/UNREAL ENGINE PROJECTS/Building Escape/Building_Escape/Content/ThirdPersonBP/Blueprints/ThirdPersonGameMode.uexp" 119
"../../../Engine/Content/Animation/DefaultAnimBoneCompressionSettings.uasset" 120
"../../../Engine/Content/Animation/DefaultAnimBoneCompressionSettings.uexp" 121
"../../../Engine/Content/Animation/DefaultAnimCurveCompressionSettings.uasset" 122
"../../../Engine/Content/Animation/DefaultAnimCurveCompressionSettings.uexp" 123
"../../../Engine/Content/ArtTools/RenderToTexture/Meshes/S_1_Unit_Plane.uasset" 124
"../../../Engine/Content/ArtTools/RenderToTexture/Meshes/S_1_Unit_Plane.uexp" 125
"../../../Engine/Content/BasicShapes/Plane.uasset" 126
"../../../Engine/Content/BasicShapes/Plane.uexp" 127
"../../../Engine/Content/EditorLandscapeResources/DataLayer.uasset" 128
"../../../Engine/Content/EditorLandscapeResources/DataLayer.uexp" 129
"../../../Engine/Content/EditorLandscapeResources/DefaultAlphaTexture.uasset" 130
"../../../Engine/Content/EditorLandscapeResources/DefaultAlphaTexture.uexp" 131
"../../../Engine/Content/EditorMaterials/MAT_Groups_Toggle.uasset" 132
"../../../Engine/Content/EditorMaterials/MAT_Groups_Toggle.uexp" 133
"../../../Engine/Content/EditorMaterials/MAT_Groups_Visibility.uasset" 134
"../../../Engine/Content/EditorMaterials/MAT_Groups_Visibility.uexp" 135
"../../../Engine/Content/EditorMaterials/PreviewShadowIndicator.uasset" 136
"../../../Engine/Content/EditorMaterials/PreviewShadowIndicator.uexp" 137
"../../../Engine/Content/EditorMaterials/PreviewShadowIndicator.ubulk" 138
"../../../Engine/Content/EditorMaterials/PreviewShadowIndicatorMaterial.uasset" 139
"../../../Engine/Content/EditorMaterials/PreviewShadowIndicatorMaterial.uexp" 140
"../../../Engine/Content/EditorMaterials/MatineeGroups/MAT_ColorTrack.uasset" 141
"../../../Engine/Content/EditorMaterials/MatineeGroups/MAT_ColorTrack.uexp" 142
"../../../Engine/Content/EditorMaterials/MatineeGroups/MAT_Groups_Anim.uasset" 143
"../../../Engine/Content/EditorMaterials/MatineeGroups/MAT_Groups_Anim.uexp" 144
"../../../Engine/Content/EditorMaterials/MatineeGroups/MAT_Groups_AudioMaster.uasset" 145
"../../../Engine/Content/EditorMaterials/MatineeGroups/MAT_Groups_AudioMaster.uexp" 146
"../../../Engine/Content/EditorMaterials/MatineeGroups/MAT_Groups_Director.uasset" 147
"../../../Engine/Content/EditorMaterials/MatineeGroups/MAT_Groups_Director.uexp" 148
"../../../Engine/Content/EditorMaterials/MatineeGroups/MAT_Groups_Event.uasset" 149
"../../../Engine/Content/EditorMaterials/MatineeGroups/MAT_Groups_Event.uexp" 150
"../../../Engine/Content/EditorMaterials/MatineeGroups/MAT_Groups_Fade.uasset" 151
"../../../Engine/Content/EditorMaterials/MatineeGroups/MAT_Groups_Fade.uexp" 152
"../../../Engine/Content/EditorMaterials/MatineeGroups/MAT_Groups_Float.uasset" 153
"../../../Engine/Content/EditorMaterials/MatineeGroups/MAT_Groups_Float.uexp" 154
"../../../Engine/Content/EditorMaterials/MatineeGroups/MAT_Groups_Move.uasset" 155
"../../../Engine/Content/EditorMaterials/MatineeGroups/MAT_Groups_Move.uexp" 156
"../../../Engine/Content/EditorMaterials/MatineeGroups/MAT_Groups_Slomo.uasset" 157
"../../../Engine/Content/EditorMaterials/MatineeGroups/MAT_Groups_Slomo.uexp" 158
"../../../Engine/Content/EditorMaterials/MatineeGroups/MAT_Groups_Sound.uasset" 159
"../../../Engine/Content/EditorMaterials/MatineeGroups/MAT_Groups_Sound.uexp" 160
"../../../Engine/Content/EditorMaterials/MatineeGroups/MAT_Groups_Vector.uasset" 161
"../../../Engine/Content/EditorMaterials/MatineeGroups/MAT_Groups_Vector.uexp" 162
"../../../Engine/Content/EditorMaterials/ParticleSystems/PSysThumbnail_NoImage.uasset" 163
"../../../Engine/Content/EditorMaterials/ParticleSystems/PSysThumbnail_NoImage.uexp" 164
"../../../Engine/Content/EditorMaterials/ParticleSystems/PSysThumbnail_NoImage.ubulk" 165
"../../../Engine/Content/EditorMaterials/ParticleSystems/PSysThumbnail_OOD.uasset" 166
"../../../Engine/Content/EditorMaterials/ParticleSystems/PSysThumbnail_OOD.uexp" 167
"../../../Engine/Content/EditorMaterials/ParticleSystems/PSysThumbnail_OOD.ubulk" 168
"../../../Engine/Content/EditorMaterials/Camera/CineMat.uasset" 169
"../../../Engine/Content/EditorMaterials/Camera/CineMat.uexp" 170
"../../../Engine/Content/EditorMaterials/Camera/MI_CineMat_Rig.uasset" 171
"../../../Engine/Content/EditorMaterials/Camera/MI_CineMat_Rig.uexp" 172
"../../../Engine/Content/EditorMeshes/Camera/SM_CraneRig_Arm.uasset" 173
"../../../Engine/Content/EditorMeshes/Camera/SM_CraneRig_Arm.uexp" 174
"../../../Engine/Content/EditorMeshes/Camera/SM_CraneRig_Base.uasset" 175
"../../../Engine/Content/EditorMeshes/Camera/SM_CraneRig_Base.uexp" 176
"../../../Engine/Content/EditorMeshes/Camera/SM_CraneRig_Body.uasset" 177
"../../../Engine/Content/EditorMeshes/Camera/SM_CraneRig_Body.uexp" 178
"../../../Engine/Content/EditorMeshes/Camera/SM_CraneRig_Mount.uasset" 179
"../../../Engine/Content/EditorMeshes/Camera/SM_CraneRig_Mount.uexp" 180
"../../../Engine/Content/EditorMeshes/Camera/SM_RailRig_Mount.uasset" 181
"../../../Engine/Content/EditorMeshes/Camera/SM_RailRig_Mount.uexp" 182
"../../../Engine/Content/EditorMeshes/Camera/SM_RailRig_Track.uasset" 183
"../../../Engine/Content/EditorMeshes/Camera/SM_RailRig_Track.uexp" 184
"../../../Engine/Content/EditorResources/BSPVertex.uasset" 185
"../../../Engine/Content/EditorResources/BSPVertex.uexp" 186
"../../../Engine/Content/EditorResources/EmptyActor.uasset" 187
"../../../Engine/Content/EditorResources/EmptyActor.uexp" 188
"../../../Engine/Content/EditorResources/S_Actor.uasset" 189
"../../../Engine/Content/EditorResources/S_Actor.uexp" 190
"../../../Engine/Content/EditorResources/S_Actor.ubulk" 191
"../../../Engine/Content/EditorResources/S_Note.uasset" 192
"../../../Engine/Content/EditorResources/S_Note.uexp" 193
"../../../Engine/Content/EditorResources/S_Note.ubulk" 194
"../../../Engine/Content/EditorResources/S_Solver.uasset" 195
"../../../Engine/Content/EditorResources/S_Solver.uexp" 196
"../../../Engine/Content/EditorResources/S_Solver.ubulk" 197
"../../../Engine/Content/EditorResources/S_Terrain.uasset" 198
"../../../Engine/Content/EditorResources/S_Terrain.uexp" 199
"../../../Engine/Content/EditorResources/S_Terrain.ubulk" 200
"../../../Engine/Content/EditorResources/S_Trigger.uasset" 201
"../../../Engine/Content/EditorResources/S_Trigger.uexp" 202
"../../../Engine/Content/EditorResources/S_Trigger.ubulk" 203
"../../../Engine/Content/EditorResources/AudioIcons/S_AudioComponent.uasset" 204
"../../../Engine/Content/EditorResources/AudioIcons/S_AudioComponent.uexp" 205
"../../../Engine/Content/EditorResources/AudioIcons/S_AudioComponent.ubulk" 206
"../../../Engine/Content/EditorResources/LightIcons/S_LightError.uasset" 207
"../../../Engine/Content/EditorResources/LightIcons/S_LightError.uexp" 208
"../../../Engine/Content/EditorResources/SequenceRecorder/Countdown.uasset" 209
"../../../Engine/Content/EditorResources/SequenceRecorder/Countdown.uexp" 210
"../../../Engine/Content/EditorResources/SequenceRecorder/RecordingIndicator.uasset" 211
"../../../Engine/Content/EditorResources/SequenceRecorder/RecordingIndicator.uexp" 212
"../../../Engine/Content/EngineDamageTypes/DmgTypeBP_Environmental.uasset" 213
"../../../Engine/Content/EngineDamageTypes/DmgTypeBP_Environmental.uexp" 214
"../../../Engine/Content/EngineDebugMaterials/DebugEditorMaterial.uasset" 215
"../../../Engine/Content/EngineDebugMaterials/DebugEditorMaterial.uexp" 216
"../../../Engine/Content/EngineDebugMaterials/DebugMeshMaterial.uasset" 217
"../../../Engine/Content/EngineDebugMaterials/DebugMeshMaterial.uexp" 218
"../../../Engine/Content/EngineDebugMaterials/M_SimpleUnlitTranslucent.uasset" 219
"../../../Engine/Content/EngineDebugMaterials/M_SimpleUnlitTranslucent.uexp" 220
"../../../Engine/Content/EngineDebugMaterials/VolumeToRender.uasset" 221
"../../../Engine/Content/EngineDebugMaterials/VolumeToRender.uexp" 222
"../../../Engine/Content/Functions/Engine_MaterialFunctions02/Utility/CameraDirectionVector.uasset" 223
"../../../Engine/Content/Functions/Engine_MaterialFunctions02/Utility/CameraDirectionVector.uexp" 224
"../../../Engine/Content/EngineDebugMaterials/M_VolumeRenderSphereTracePP.uasset" 225
"../../../Engine/Content/EngineDebugMaterials/M_VolumeRenderSphereTracePP.uexp" 226
"../../../Engine/Content/Functions/Engine_MaterialFunctions01/Shading/ConvertFromDiffSpec.uasset" 227
"../../../Engine/Content/Functions/Engine_MaterialFunctions01/Shading/ConvertFromDiffSpec.uexp" 228
"../../../Engine/Content/EngineDebugMaterials/VertexColorMaterial.uasset" 229
"../../../Engine/Content/EngineDebugMaterials/VertexColorMaterial.uexp" 230
"../../../Engine/Content/EngineDebugMaterials/WireframeMaterial.uasset" 231
"../../../Engine/Content/EngineDebugMaterials/WireframeMaterial.uexp" 232
"../../../Engine/Content/EngineFonts/Faces/RobotoRegular.uasset" 233
"../../../Engine/Content/EngineFonts/Faces/RobotoRegular.uexp" 234
"../../../Engine/Content/EngineFonts/Faces/RobotoRegular.ufont" 235
"../../../Engine/Content/EngineFonts/Faces/RobotoLight.uasset" 236
"../../../Engine/Content/EngineFonts/Faces/RobotoLight.uexp" 237
"../../../Engine/Content/EngineFonts/Faces/RobotoLight.ufont" 238
"../../../Engine/Content/EngineFonts/Faces/RobotoItalic.uasset" 239
"../../../Engine/Content/EngineFonts/Faces/RobotoItalic.uexp" 240
"../../../Engine/Content/EngineFonts/Faces/RobotoItalic.ufont" 241
"../../../Engine/Content/EngineFonts/Faces/RobotoBoldItalic.uasset" 242
"../../../Engine/Content/EngineFonts/Faces/RobotoBoldItalic.uexp" 243
"../../../Engine/Content/EngineFonts/Faces/RobotoBoldItalic.ufont" 244
"../../../Engine/Content/EngineFonts/Faces/RobotoBold.uasset" 245
"../../../Engine/Content/EngineFonts/Faces/RobotoBold.uexp" 246
"../../../Engine/Content/EngineFonts/Faces/RobotoBold.ufont" 247
"../../../Engine/Content/EngineFonts/Faces/DroidSansFallback.uasset" 248
"../../../Engine/Content/EngineFonts/Faces/DroidSansFallback.uexp" 249
"../../../Engine/Content/EngineFonts/Faces/DroidSansFallback.ufont" 250
"../../../Engine/Content/EngineFonts/Roboto.uasset" 251
"../../../Engine/Content/EngineFonts/Roboto.uexp" 252
"../../../Engine/Content/EngineMaterials/BaseFlattenNormalMap.uasset" 253
"../../../Engine/Content/EngineMaterials/BaseFlattenNormalMap.uexp" 254
"../../../Engine/Content/EngineMaterials/BaseFlattenGrayscaleMap.uasset" 255
"../../../Engine/Content/EngineMaterials/BaseFlattenGrayscaleMap.uexp" 256
"../../../Engine/Content/EngineMaterials/BaseFlattenEmissiveMap.uasset" 257
"../../../Engine/Content/EngineMaterials/BaseFlattenEmissiveMap.uexp" 258
"../../../Engine/Content/EngineMaterials/BaseFlattenDiffuseMap.uasset" 259
"../../../Engine/Content/EngineMaterials/BaseFlattenDiffuseMap.uexp" 260
"../../../Engine/Content/EngineMaterials/BaseFlattenMaterial.uasset" 261
"../../../Engine/Content/EngineMaterials/BaseFlattenMaterial.uexp" 262
"../../../Engine/Content/EngineMaterials/BlueNoise.uasset" 263
"../../../Engine/Content/EngineMaterials/BlueNoise.uexp" 264
"../../../Engine/Content/EngineMaterials/DefaultBloomKernel.uasset" 265
"../../../Engine/Content/EngineMaterials/DefaultBloomKernel.uexp" 266
"../../../Engine/Content/EngineMaterials/DefaultBokeh.uasset" 267
"../../../Engine/Content/EngineMaterials/DefaultBokeh.uexp" 268
"../../../Engine/Content/EngineMaterials/DefaultDiffuse.uasset" 269
"../../../Engine/Content/EngineMaterials/DefaultDiffuse.uexp" 270
"../../../Engine/Content/EngineMaterials/DefaultDiffuse.ubulk" 271
"../../../Engine/Content/EngineMaterials/DefaultDeferredDecalMaterial.uasset" 272
"../../../Engine/Content/EngineMaterials/DefaultDeferredDecalMaterial.uexp" 273
"../../../Engine/Content/EngineMaterials/DefaultLightFunctionMaterial.uasset" 274
"../../../Engine/Content/EngineMaterials/DefaultLightFunctionMaterial.uexp" 275
"../../../Engine/Content/EngineMaterials/DefaultPhysicalMaterial.uasset" 276
"../../../Engine/Content/EngineMaterials/DefaultPhysicalMaterial.uexp" 277
"../../../Engine/Content/Functions/Engine_MaterialFunctions02/Utility/BreakOutFloat2Components.uasset" 278
"../../../Engine/Content/Functions/Engine_MaterialFunctions02/Utility/BreakOutFloat2Components.uexp" 279
"../../../Engine/Content/EngineMaterials/DefaultPostProcessMaterial.uasset" 280
"../../../Engine/Content/EngineMaterials/DefaultPostProcessMaterial.uexp" 281
"../../../Engine/Content/EngineFonts/RobotoDistanceField.uasset" 282
"../../../Engine/Content/EngineFonts/RobotoDistanceField.uexp" 283
"../../../Engine/Content/EngineMaterials/DefaultTextMaterialOpaque.uasset" 284
"../../../Engine/Content/EngineMaterials/DefaultTextMaterialOpaque.uexp" 285
"../../../Engine/Content/EngineMaterials/DefaultWhiteGrid.uasset" 286
"../../../Engine/Content/EngineMaterials/DefaultWhiteGrid.uexp" 287
"../../../Engine/Content/EngineMaterials/DefaultWhiteGrid.ubulk" 288
"../../../Engine/Content/EngineMaterials/DefaultWhiteGrid_Low.uasset" 289
"../../../Engine/Content/EngineMaterials/DefaultWhiteGrid_Low.uexp" 290
"../../../Engine/Content/EngineMaterials/EmissiveMeshMaterial.uasset" 291
"../../../Engine/Content/EngineMaterials/EmissiveMeshMaterial.uexp" 292
"../../../Engine/Content/EngineMaterials/GizmoMaterial.uasset" 293
"../../../Engine/Content/EngineMaterials/GizmoMaterial.uexp" 294
"../../../Engine/Content/EngineMaterials/Good64x64TilingNoiseHighFreq.uasset" 295
"../../../Engine/Content/EngineMaterials/Good64x64TilingNoiseHighFreq.uexp" 296
"../../../Engine/Content/EngineMaterials/MiniFont.uasset" 297
"../../../Engine/Content/EngineMaterials/MiniFont.uexp" 298
"../../../Engine/Content/EngineMaterials/InvalidLightmapSettings.uasset" 299
"../../../Engine/Content/EngineMaterials/InvalidLightmapSettings.uexp" 300
"../../../Engine/Content/EngineMaterials/InvalidLightmapSettings.ubulk" 301
"../../../Engine/Content/EngineMaterials/M_InvalidLightmapSettings.uasset" 302
"../../../Engine/Content/EngineMaterials/M_InvalidLightmapSettings.uexp" 303
"../../../Engine/Content/Functions/Engine_MaterialFunctions02/WorldPositionOffset/CameraOffset.uasset" 304
"../../../Engine/Content/Functions/Engine_MaterialFunctions02/WorldPositionOffset/CameraOffset.uexp" 305
"../../../Engine/Content/EngineMaterials/PhAT_JointLimitMaterial.uasset" 306
"../../../Engine/Content/EngineMaterials/PhAT_JointLimitMaterial.uexp" 307
"../../../Engine/Content/EngineMaterials/DefaultCalibrationColor.uasset" 308
"../../../Engine/Content/EngineMaterials/DefaultCalibrationColor.uexp" 309
"../../../Engine/Content/EngineMaterials/PPM_DefaultCalibrationColor.uasset" 310
"../../../Engine/Content/EngineMaterials/PPM_DefaultCalibrationColor.uexp" 311
"../../../Engine/Content/EngineMaterials/DefaultCalibrationGrayscale.uasset" 312
"../../../Engine/Content/EngineMaterials/DefaultCalibrationGrayscale.uexp" 313
"../../../Engine/Content/EngineMaterials/PPM_DefaultCalibrationGrayscale.uasset" 314
"../../../Engine/Content/EngineMaterials/PPM_DefaultCalibrationGrayscale.uexp" 315
"../../../Engine/Content/EngineMaterials/PreintegratedSkinBRDF.uasset" 316
"../../../Engine/Content/EngineMaterials/PreintegratedSkinBRDF.uexp" 317
"../../../Engine/Content/EngineMaterials/RemoveSurfaceMaterial.uasset" 318
"../../../Engine/Content/EngineMaterials/RemoveSurfaceMaterial.uexp" 319
"../../../Engine/Content/EngineMaterials/WeightMapPlaceholderTexture.uasset" 320
"../../../Engine/Content/EngineMaterials/WeightMapPlaceholderTexture.uexp" 321
"../../../Engine/Content/EngineResources/WhiteSquareTexture.uasset" 322
"../../../Engine/Content/EngineResources/WhiteSquareTexture.uexp" 323
"../../../Engine/Content/EngineMaterials/Widget3DPassThrough.uasset" 324
"../../../Engine/Content/EngineMaterials/Widget3DPassThrough.uexp" 325
"../../../Engine/Content/EngineMaterials/Widget3DPassThrough_Masked.uasset" 326
"../../../Engine/Content/EngineMaterials/Widget3DPassThrough_Masked.uexp" 327
"../../../Engine/Content/EngineMaterials/Widget3DPassThrough_Opaque.uasset" 328
"../../../Engine/Content/EngineMaterials/Widget3DPassThrough_Opaque.uexp" 329
"../../../Engine/Content/EngineMaterials/Widget3DPassThrough_Masked_OneSided.uasset" 330
"../../../Engine/Content/EngineMaterials/Widget3DPassThrough_Masked_OneSided.uexp" 331
"../../../Engine/Content/EngineMaterials/Widget3DPassThrough_Opaque_OneSided.uasset" 332
"../../../Engine/Content/EngineMaterials/Widget3DPassThrough_Opaque_OneSided.uexp" 333
"../../../Engine/Content/EngineMaterials/Widget3DPassThrough_Translucent.uasset" 334
"../../../Engine/Content/EngineMaterials/Widget3DPassThrough_Translucent.uexp" 335
"../../../Engine/Content/EngineMaterials/Widget3DPassThrough_Translucent_OneSided.uasset" 336
"../../../Engine/Content/EngineMaterials/Widget3DPassThrough_Translucent_OneSided.uexp" 337
"../../../Engine/Content/EngineMaterials/DefaultMaterial.uasset" 338
"../../../Engine/Content/EngineMaterials/DefaultMaterial.uexp" 339
"../../../Engine/Content/EngineMeshes/Cylinder.uasset" 340
"../../../Engine/Content/EngineMeshes/Cylinder.uexp" 341
"../../../Engine/Content/EngineMeshes/Sphere.uasset" 342
"../../../Engine/Content/EngineMeshes/Sphere.uexp" 343
"../../../Engine/Content/EngineResources/DefaultTexture.uasset" 344
"../../../Engine/Content/EngineResources/DefaultTexture.uexp" 345
"../../../Engine/Content/EngineResources/DefaultTexture.ubulk" 346
"../../../Engine/Content/EngineResources/DefaultTextureCube.uasset" 347
"../../../Engine/Content/EngineResources/DefaultTextureCube.uexp" 348
"../../../Engine/Content/EngineResources/DefaultVolumeTexture2D.uasset" 349
"../../../Engine/Content/EngineResources/DefaultVolumeTexture2D.uexp" 350
"../../../Engine/Content/EngineResources/DefaultVolumeTexture.uasset" 351
"../../../Engine/Content/EngineResources/DefaultVolumeTexture.uexp" 352
"../../../Engine/Content/EngineResources/GradientTexture0.uasset" 353
"../../../Engine/Content/EngineResources/GradientTexture0.uexp" 354
"../../../Engine/Content/EngineSky/VolumetricClouds/T_NoiseShape64.uasset" 355
"../../../Engine/Content/EngineSky/VolumetricClouds/T_NoiseShape64.uexp" 356
"../../../Engine/Content/EngineSky/VolumetricClouds/T_NoiseShape64.ubulk" 357
"../../../Engine/Content/EngineSky/VolumetricClouds/T_VolumeNoiseShape64.uasset" 358
"../../../Engine/Content/EngineSky/VolumetricClouds/T_VolumeNoiseShape64.uexp" 359
"../../../Engine/Content/EngineSky/VolumetricClouds/T_NoiseErosion.uasset" 360
"../../../Engine/Content/EngineSky/VolumetricClouds/T_NoiseErosion.uexp" 361
"../../../Engine/Content/EngineSky/VolumetricClouds/T_NoiseErosion.ubulk" 362
"../../../Engine/Content/EngineSky/VolumetricClouds/T_VolumeNoiseErosion32.uasset" 363
"../../../Engine/Content/EngineSky/VolumetricClouds/T_VolumeNoiseErosion32.uexp" 364
"../../../Engine/Content/EngineSky/VolumetricClouds/CloudWeatherTexture.uasset" 365
"../../../Engine/Content/EngineSky/VolumetricClouds/CloudWeatherTexture.uexp" 366
"../../../Engine/Content/EngineSky/VolumetricClouds/CloudGradientTexture.uasset" 367
"../../../Engine/Content/EngineSky/VolumetricClouds/CloudGradientTexture.uexp" 368
"../../../Engine/Content/Functions/Engine_MaterialFunctions02/Utility/MakeFloat2.uasset" 369
"../../../Engine/Content/Functions/Engine_MaterialFunctions02/Utility/MakeFloat2.uexp" 370
"../../../Engine/Content/EngineSky/VolumetricClouds/m_SimpleVolumetricCloud.uasset" 371
"../../../Engine/Content/EngineSky/VolumetricClouds/m_SimpleVolumetricCloud.uexp" 372
"../../../Engine/Content/EngineSky/VolumetricClouds/m_SimpleVolumetricCloud_Inst.uasset" 373
"../../../Engine/Content/EngineSky/VolumetricClouds/m_SimpleVolumetricCloud_Inst.uexp" 374
"../../../Engine/Content/EngineSounds/Master.uasset" 375
"../../../Engine/Content/EngineSounds/Master.uexp" 376
"../../../Engine/Content/Functions/Engine_MaterialFunctions01/Shading/PowerToRoughness.uasset" 377
"../../../Engine/Content/Functions/Engine_MaterialFunctions01/Shading/PowerToRoughness.uexp" 378
"../../../Engine/Content/Maps/Templates/Thumbnails/Default.uasset" 379
"../../../Engine/Content/Maps/Templates/Thumbnails/Default.uexp" 380
"../../../Engine/Content/Maps/Templates/Thumbnails/TimeOfDay.uasset" 381
"../../../Engine/Content/Maps/Templates/Thumbnails/TimeOfDay.uexp" 382
"../../../Engine/Content/Maps/Templates/Thumbnails/VR-Basic.uasset" 383
"../../../Engine/Content/Maps/Templates/Thumbnails/VR-Basic.uexp" 384
"../../../Engine/Content/MobileResources/T_MobileControls_texture.uasset" 385
"../../../Engine/Content/MobileResources/T_MobileControls_texture.uexp" 386
"../../../Engine/Content/MobileResources/T_MobileMenu2.uasset" 387
"../../../Engine/Content/MobileResources/T_MobileMenu2.uexp" 388
"../../../Engine/Content/MobileResources/HUD/AnalogHat.uasset" 389
"../../../Engine/Content/MobileResources/HUD/AnalogHat.uexp" 390
"../../../Engine/Content/MobileResources/HUD/VirtualJoystick_Thumb.uasset" 391
"../../../Engine/Content/MobileResources/HUD/VirtualJoystick_Thumb.uexp" 392
"../../../Engine/Content/MobileResources/HUD/VirtualJoystick_Background.uasset" 393
"../../../Engine/Content/MobileResources/HUD/VirtualJoystick_Background.uexp" 394
"../../../Engine/Content/MobileResources/HUD/DefaultVirtualJoysticks.uasset" 395
"../../../Engine/Content/MobileResources/HUD/DefaultVirtualJoysticks.uexp" 396
"../../../Engine/Content/MobileResources/HUD/LeftVirtualJoystickOnly.uasset" 397
"../../../Engine/Content/MobileResources/HUD/LeftVirtualJoystickOnly.uexp" 398
"../../../Engine/Content/MobileResources/HUD/MobileHUDButton1_off.uasset" 399
"../../../Engine/Content/MobileResources/HUD/MobileHUDButton1_off.uexp" 400
"../../../Engine/Content/MobileResources/HUD/MobileHUDButton1_on.uasset" 401
"../../../Engine/Content/MobileResources/HUD/MobileHUDButton1_on.uexp" 402
"../../../Engine/Content/MobileResources/HUD/MobileHUDButton2_off.uasset" 403
"../../../Engine/Content/MobileResources/HUD/MobileHUDButton2_off.uexp" 404
"../../../Engine/Content/MobileResources/HUD/MobileHUDButton2_on.uasset" 405
"../../../Engine/Content/MobileResources/HUD/MobileHUDButton2_on.uexp" 406
"../../../Engine/Content/MobileResources/HUD/MobileHUDButton3.uasset" 407
"../../../Engine/Content/MobileResources/HUD/MobileHUDButton3.uexp" 408
"../../../Engine/Content/MobileResources/HUD/MobileHUDButtonFire.uasset" 409
"../../../Engine/Content/MobileResources/HUD/MobileHUDButtonFire.uexp" 410
"../../../Engine/Content/MobileResources/HUD/MobileHUDDirectionPad.uasset" 411
"../../../Engine/Content/MobileResources/HUD/MobileHUDDirectionPad.uexp" 412
"../../../Engine/Content/MobileResources/HUD/MobileHUDDirectionPad2.uasset" 413
"../../../Engine/Content/MobileResources/HUD/MobileHUDDirectionPad2.uexp" 414
"../../../Engine/Content/MobileResources/HUD/MobileHUDDirectionPad3.uasset" 415
"../../../Engine/Content/MobileResources/HUD/MobileHUDDirectionPad3.uexp" 416
"../../../Engine/Content/MobileResources/HUD/MobileHUDDirectionStick.uasset" 417
"../../../Engine/Content/MobileResources/HUD/MobileHUDDirectionStick.uexp" 418
"../../../Engine/Content/MobileResources/HUD/T_Castle_ThumbstickInner.uasset" 419
"../../../Engine/Content/MobileResources/HUD/T_Castle_ThumbstickInner.uexp" 420
"../../../Engine/Content/MobileResources/HUD/T_Castle_ThumbstickOutter.uasset" 421
"../../../Engine/Content/MobileResources/HUD/T_Castle_ThumbstickOutter.uexp" 422
"../../../Engine/Content/Tutorial/ContentIntroCurve.uasset" 423
"../../../Engine/Content/Tutorial/ContentIntroCurve.uexp" 424
"../../../Engine/Content/Tutorial/Landscape/TutorialAssets/Landscape.uasset" 425
"../../../Engine/Content/Tutorial/Landscape/TutorialAssets/Landscape.uexp" 426
"../../../Engine/Content/VREditor/TransformGizmo/TranslucentTransformGizmoMaterial.uasset" 427
"../../../Engine/Content/VREditor/TransformGizmo/TranslucentTransformGizmoMaterial.uexp" 428
"../../../Engine/Content/VREditor/LaserPointer/VR_LaserPower_01.uasset" 429
"../../../Engine/Content/VREditor/LaserPointer/VR_LaserPower_01.uexp" 430
"../../../Engine/Content/VREditor/LaserPointer/VR_LaserPower_01.ubulk" 431
"../../../Engine/Content/VREditor/TransformGizmo/TransformGizmoMaterial.uasset" 432
"../../../Engine/Content/VREditor/TransformGizmo/TransformGizmoMaterial.uexp" 433
"../../../Engine/Content/VREditor/TransformGizmo/BoundingBoxCorner.uasset" 434
"../../../Engine/Content/VREditor/TransformGizmo/BoundingBoxCorner.uexp" 435
"../../../Engine/Content/VREditor/TransformGizmo/BoundingBoxEdge.uasset" 436
"../../../Engine/Content/VREditor/TransformGizmo/BoundingBoxEdge.uexp" 437
"../../../Engine/Content/VREditor/TransformGizmo/PlaneTranslationHandle.uasset" 438
"../../../Engine/Content/VREditor/TransformGizmo/PlaneTranslationHandle.uexp" 439
"../../../Engine/Content/VREditor/TransformGizmo/Xray.uasset" 440
"../../../Engine/Content/VREditor/TransformGizmo/Xray.uexp" 441
"../../../Engine/Content/VREditor/TransformGizmo/Main.uasset" 442
"../../../Engine/Content/VREditor/TransformGizmo/Main.uexp" 443
"../../../Engine/Content/VREditor/TransformGizmo/SM_Sequencer_Key.uasset" 444
"../../../Engine/Content/VREditor/TransformGizmo/SM_Sequencer_Key.uexp" 445
"../../../Engine/Content/VREditor/TransformGizmo/SM_Sequencer_Node.uasset" 446
"../../../Engine/Content/VREditor/TransformGizmo/SM_Sequencer_Node.uexp" 447
"../../../Engine/Plugins/2D/Paper2D/Content/PlaceholderTextures/DummySpriteTexture.uasset" 448
"../../../Engine/Plugins/2D/Paper2D/Content/PlaceholderTextures/DummySpriteTexture.uexp" 449
"../../../Engine/Plugins/2D/Paper2D/Content/PlaceholderTextures/DummySpriteTexture.ubulk" 450
"../../../Engine/Plugins/2D/Paper2D/Content/DummySprite.uasset" 451
"../../../Engine/Plugins/2D/Paper2D/Content/DummySprite.uexp" 452
"../../../Engine/Plugins/2D/Paper2D/Content/DefaultPaperTerrainMaterial.uasset" 453
"../../../Engine/Plugins/2D/Paper2D/Content/DefaultPaperTerrainMaterial.uexp" 454
"../../../Engine/Plugins/2D/Paper2D/Content/DefaultSpriteMaterial.uasset" 455
"../../../Engine/Plugins/2D/Paper2D/Content/DefaultSpriteMaterial.uexp" 456
"../../../Engine/Plugins/2D/Paper2D/Content/MaskedUnlitSpriteMaterial.uasset" 457
"../../../Engine/Plugins/2D/Paper2D/Content/MaskedUnlitSpriteMaterial.uexp" 458
"../../../Engine/Plugins/2D/Paper2D/Content/OpaqueUnlitSpriteMaterial.uasset" 459
"../../../Engine/Plugins/2D/Paper2D/Content/OpaqueUnlitSpriteMaterial.uexp" 460
"../../../Engine/Content/Functions/Engine_MaterialFunctions02/Utility/BreakOutFloat3Components.uasset" 461
"../../../Engine/Content/Functions/Engine_MaterialFunctions02/Utility/BreakOutFloat3Components.uexp" 462
"../../../Engine/Plugins/Editor/SpeedTreeImporter/Content/SpeedTree9/UnpackInteger3.uasset" 463
"../../../Engine/Plugins/Editor/SpeedTreeImporter/Content/SpeedTree9/UnpackInteger3.uexp" 464
"../../../Engine/Plugins/Editor/SpeedTreeImporter/Content/SpeedTree9/UnpackDirection.uasset" 465
"../../../Engine/Plugins/Editor/SpeedTreeImporter/Content/SpeedTree9/UnpackDirection.uexp" 466
"../../../Engine/Plugins/Editor/SpeedTreeImporter/Content/SpeedTree9/game_wind_noise.uasset" 467
"../../../Engine/Plugins/Editor/SpeedTreeImporter/Content/SpeedTree9/game_wind_noise.uexp" 468
"../../../Engine/Plugins/Editor/SpeedTreeImporter/Content/SpeedTree9/game_wind_noise.ubulk" 469
"../../../Engine/Content/Functions/Engine_MaterialFunctions02/SafeNormalize.uasset" 470
"../../../Engine/Content/Functions/Engine_MaterialFunctions02/SafeNormalize.uexp" 471
"../../../Engine/Plugins/Editor/SpeedTreeImporter/Content/SpeedTree9/SpeedTreeWindMotion.uasset" 472
"../../../Engine/Plugins/Editor/SpeedTreeImporter/Content/SpeedTree9/SpeedTreeWindMotion.uexp" 473
"../../../Engine/Plugins/Editor/SpeedTreeImporter/Content/SpeedTree9/SpeedTreeBranchMotion.uasset" 474
"../../../Engine/Plugins/Editor/SpeedTreeImporter/Content/SpeedTree9/SpeedTreeBranchMotion.uexp" 475
"../../../Engine/Content/Functions/Engine_MaterialFunctions02/ObjectLocalBounds.uasset" 476
"../../../Engine/Content/Functions/Engine_MaterialFunctions02/ObjectLocalBounds.uexp" 477
"../../../Engine/Content/Functions/Engine_MaterialFunctions02/UVs/BoundingBoxBased_0-1_UVW.uasset" 478
"../../../Engine/Content/Functions/Engine_MaterialFunctions02/UVs/BoundingBoxBased_0-1_UVW.uexp" 479
"../../../Engine/Content/Functions/Engine_MaterialFunctions02/Utility/VectorLength.uasset" 480
"../../../Engine/Content/Functions/Engine_MaterialFunctions02/Utility/VectorLength.uexp" 481
"../../../Engine/Content/Functions/Engine_MaterialFunctions02/WorldPositionOffset/ObjectScale.uasset" 482
"../../../Engine/Content/Functions/Engine_MaterialFunctions02/WorldPositionOffset/ObjectScale.uexp" 483
"../../../Engine/Plugins/Editor/SpeedTreeImporter/Content/SpeedTree9/SpeedTreeWind.uasset" 484
"../../../Engine/Plugins/Editor/SpeedTreeImporter/Content/SpeedTree9/SpeedTreeWind.uexp" 485
"../../../Engine/Plugins/Editor/SpeedTreeImporter/Content/SpeedTree9/SpeedTreeBillboard.uasset" 486
"../../../Engine/Plugins/Editor/SpeedTreeImporter/Content/SpeedTree9/SpeedTreeBillboard.uexp" 487
"../../../Engine/Plugins/Editor/SpeedTreeImporter/Content/SpeedTree9/EmptyNormal.uasset" 488
"../../../Engine/Plugins/Editor/SpeedTreeImporter/Content/SpeedTree9/EmptyNormal.uexp" 489
"../../../Engine/Plugins/Editor/SpeedTreeImporter/Content/SpeedTree9/Empty.uasset" 490
"../../../Engine/Plugins/Editor/SpeedTreeImporter/Content/SpeedTree9/Empty.uexp" 491
"../../../Engine/Plugins/Editor/SpeedTreeImporter/Content/SpeedTree9/SpeedTreeBillboardMaster.uasset" 492
"../../../Engine/Plugins/Editor/SpeedTreeImporter/Content/SpeedTree9/SpeedTreeBillboardMaster.uexp" 493
"../../../Engine/Plugins/Editor/SpeedTreeImporter/Content/SpeedTree9/SpeedTreeCameraFacing.uasset" 494
"../../../Engine/Plugins/Editor/SpeedTreeImporter/Content/SpeedTree9/SpeedTreeCameraFacing.uexp" 495
"../../../Engine/Plugins/Editor/SpeedTreeImporter/Content/SpeedTree9/SpeedTreeMaster.uasset" 496
"../../../Engine/Plugins/Editor/SpeedTreeImporter/Content/SpeedTree9/SpeedTreeMaster.uexp" 497
"../../../Engine/Content/ArtTools/RenderToTexture/Materials/Debug/M_Emissive_Color.uasset" 498
"../../../Engine/Content/ArtTools/RenderToTexture/Materials/Debug/M_Emissive_Color.uexp" 499
"../../../Engine/Content/BasicShapes/Cylinder.uasset" 500
"../../../Engine/Content/BasicShapes/Cylinder.uexp" 501
"../../../Engine/Plugins/Lumin/MagicLeapPassableWorld/Content/MagicLeapARPinInfoActor.uasset" 502
"../../../Engine/Plugins/Lumin/MagicLeapPassableWorld/Content/MagicLeapARPinInfoActor.uexp" 503
"../../../Engine/Plugins/Runtime/OpenXR/Content/Devices/GoogleDaydream/MRTexture.uasset" 504
"../../../Engine/Plugins/Runtime/OpenXR/Content/Devices/GoogleDaydream/MRTexture.uexp" 505
"../../../Engine/Plugins/Runtime/OpenXR/Content/Devices/GoogleDaydream/MRTexture.ubulk" 506
"../../../Engine/Plugins/Runtime/OpenXR/Content/Devices/GoogleDaydream/BaseTexture.uasset" 507
"../../../Engine/Plugins/Runtime/OpenXR/Content/Devices/GoogleDaydream/BaseTexture.uexp" 508
"../../../Engine/Plugins/Runtime/OpenXR/Content/Devices/GoogleDaydream/BaseTexture.ubulk" 509
"../../../Engine/Content/EngineResources/Black.uasset" 510
"../../../Engine/Content/EngineResources/Black.uexp" 511
"../../../Engine/Plugins/Runtime/OpenXR/Content/Devices/M_XRController.uasset" 512
"../../../Engine/Plugins/Runtime/OpenXR/Content/Devices/M_XRController.uexp" 513
"../../../Engine/Plugins/Runtime/OpenXR/Content/Devices/GoogleDaydream/MI_GoogleDaydream.uasset" 514
"../../../Engine/Plugins/Runtime/OpenXR/Content/Devices/GoogleDaydream/MI_GoogleDaydream.uexp" 515
"../../../Engine/Plugins/Runtime/OpenXR/Content/Devices/GoogleDaydream/GoogleDaydreamController.uasset" 516
"../../../Engine/Plugins/Runtime/OpenXR/Content/Devices/GoogleDaydream/GoogleDaydreamController.uexp" 517
"../../../Engine/Plugins/Runtime/OpenXR/Content/Devices/HTCVive/BaseTexture.uasset" 518
"../../../Engine/Plugins/Runtime/OpenXR/Content/Devices/HTCVive/BaseTexture.uexp" 519
"../../../Engine/Plugins/Runtime/OpenXR/Content/Devices/HTCVive/BaseTexture.ubulk" 520
"../../../Engine/Plugins/Runtime/OpenXR/Content/Devices/HTCVive/MI_HTCVive.uasset" 521
"../../../Engine/Plugins/Runtime/OpenXR/Content/Devices/HTCVive/MI_HTCVive.uexp" 522
"../../../Engine/Plugins/Runtime/OpenXR/Content/Devices/HTCVive/HTCViveController.uasset" 523
"../../../Engine/Plugins/Runtime/OpenXR/Content/Devices/HTCVive/HTCViveController.uexp" 524
"../../../Engine/Plugins/Runtime/OpenXR/Content/Devices/MicrosoftMixedReality/NormalTexture.uasset" 525
"../../../Engine/Plugins/Runtime/OpenXR/Content/Devices/MicrosoftMixedReality/NormalTexture.uexp" 526
"../../../Engine/Plugins/Runtime/OpenXR/Content/Devices/MicrosoftMixedReality/NormalTexture.ubulk" 527
"../../../Engine/Plugins/Runtime/OpenXR/Content/Devices/MicrosoftMixedReality/MRTexture.uasset" 528
"../../../Engine/Plugins/Runtime/OpenXR/Content/Devices/MicrosoftMixedReality/MRTexture.uexp" 529
"../../../Engine/Plugins/Runtime/OpenXR/Content/Devices/MicrosoftMixedReality/MRTexture.ubulk" 530
"../../../Engine/Plugins/Runtime/OpenXR/Content/Devices/MicrosoftMixedReality/EmissiveTexture.uasset" 531
"../../../Engine/Plugins/Runtime/OpenXR/Content/Devices/MicrosoftMixedReality/EmissiveTexture.uexp" 532
"../../../Engine/Plugins/Runtime/OpenXR/Content/Devices/MicrosoftMixedReality/EmissiveTexture.ubulk" 533
"../../../Engine/Plugins/Runtime/OpenXR/Content/Devices/MicrosoftMixedReality/BaseTexture.uasset" 534
"../../../Engine/Plugins/Runtime/OpenXR/Content/Devices/MicrosoftMixedReality/BaseTexture.uexp" 535
"../../../Engine/Plugins/Runtime/OpenXR/Content/Devices/MicrosoftMixedReality/BaseTexture.ubulk" 536
"../../../Engine/Plugins/Runtime/OpenXR/Content/Devices/MicrosoftMixedReality/MI_MicrosoftMixedReality.uasset" 537
"../../../Engine/Plugins/Runtime/OpenXR/Content/Devices/MicrosoftMixedReality/MI_MicrosoftMixedReality.uexp" 538
"../../../Engine/Plugins/Runtime/OpenXR/Content/Devices/MicrosoftMixedReality/Left/left_MicrosoftMixedRealityController.uasset" 539
"../../../Engine/Plugins/Runtime/OpenXR/Content/Devices/MicrosoftMixedReality/Left/left_MicrosoftMixedRealityController.uexp" 540
"../../../Engine/Plugins/Runtime/OpenXR/Content/Devices/MicrosoftMixedReality/Right/right_MicrosoftMixedRealityController.uasset" 541
"../../../Engine/Plugins/Runtime/OpenXR/Content/Devices/MicrosoftMixedReality/Right/right_MicrosoftMixedRealityController.uexp" 542
"../../../Engine/Plugins/Runtime/OpenXR/Content/Devices/OculusGo/BaseTexture.uasset" 543
"../../../Engine/Plugins/Runtime/OpenXR/Content/Devices/OculusGo/BaseTexture.uexp" 544
"../../../Engine/Plugins/Runtime/OpenXR/Content/Devices/OculusGo/BaseTexture.ubulk" 545
"../../../Engine/Plugins/Runtime/OpenXR/Content/Devices/OculusGo/MI_OculusGo.uasset" 546
"../../../Engine/Plugins/Runtime/OpenXR/Content/Devices/OculusGo/MI_OculusGo.uexp" 547
"../../../Engine/Plugins/Runtime/OpenXR/Content/Devices/OculusGo/OculusGoController.uasset" 548
"../../../Engine/Plugins/Runtime/OpenXR/Content/Devices/OculusGo/OculusGoController.uexp" 549
"../../../Engine/Plugins/Runtime/OpenXR/Content/Devices/OculusTouch/MRTexture.uasset" 550
"../../../Engine/Plugins/Runtime/OpenXR/Content/Devices/OculusTouch/MRTexture.uexp" 551
"../../../Engine/Plugins/Runtime/OpenXR/Content/Devices/OculusTouch/MRTexture.ubulk" 552
"../../../Engine/Plugins/Runtime/OpenXR/Content/Devices/OculusTouch/BaseTexture.uasset" 553
"../../../Engine/Plugins/Runtime/OpenXR/Content/Devices/OculusTouch/BaseTexture.uexp" 554
"../../../Engine/Plugins/Runtime/OpenXR/Content/Devices/OculusTouch/BaseTexture.ubulk" 555
"../../../Engine/Plugins/Runtime/OpenXR/Content/Devices/OculusTouch/MI_OculusTouch.uasset" 556
"../../../Engine/Plugins/Runtime/OpenXR/Content/Devices/OculusTouch/MI_OculusTouch.uexp" 557
"../../../Engine/Plugins/Runtime/OpenXR/Content/Devices/OculusTouch/Left/left_OculusTouchController.uasset" 558
"../../../Engine/Plugins/Runtime/OpenXR/Content/Devices/OculusTouch/Left/left_OculusTouchController.uexp" 559
"../../../Engine/Plugins/Runtime/OpenXR/Content/Devices/OculusTouch/Right/right_OculusTouchController.uasset" 560
"../../../Engine/Plugins/Runtime/OpenXR/Content/Devices/OculusTouch/Right/right_OculusTouchController.uexp" 561
"../../../Engine/Plugins/Runtime/OpenXR/Content/Devices/OculusTouch_v2/MRTexture.uasset" 562
"../../../Engine/Plugins/Runtime/OpenXR/Content/Devices/OculusTouch_v2/MRTexture.uexp" 563
"../../../Engine/Plugins/Runtime/OpenXR/Content/Devices/OculusTouch_v2/MRTexture.ubulk" 564
"../../../Engine/Plugins/Runtime/OpenXR/Content/Devices/OculusTouch_v2/BaseTexture.uasset" 565
"../../../Engine/Plugins/Runtime/OpenXR/Content/Devices/OculusTouch_v2/BaseTexture.uexp" 566
"../../../Engine/Plugins/Runtime/OpenXR/Content/Devices/OculusTouch_v2/BaseTexture.ubulk" 567
"../../../Engine/Plugins/Runtime/OpenXR/Content/Devices/OculusTouch_v2/MI_OculusTouch_v2.uasset" 568
"../../../Engine/Plugins/Runtime/OpenXR/Content/Devices/OculusTouch_v2/MI_OculusTouch_v2.uexp" 569
"../../../Engine/Plugins/Runtime/OpenXR/Content/Devices/OculusTouch_v2/Left/left_OculusTouch_v2Controller.uasset" 570
"../../../Engine/Plugins/Runtime/OpenXR/Content/Devices/OculusTouch_v2/Left/left_OculusTouch_v2Controller.uexp" 571
"../../../Engine/Plugins/Runtime/OpenXR/Content/Devices/OculusTouch_v2/Right/right_OculusTouch_v2Controller.uasset" 572
"../../../Engine/Plugins/Runtime/OpenXR/Content/Devices/OculusTouch_v2/Right/right_OculusTouch_v2Controller.uexp" 573
"../../../Engine/Plugins/Runtime/OpenXR/Content/Devices/OculusTouch_v3/MRTexture.uasset" 574
"../../../Engine/Plugins/Runtime/OpenXR/Content/Devices/OculusTouch_v3/MRTexture.uexp" 575
"../../../Engine/Plugins/Runtime/OpenXR/Content/Devices/OculusTouch_v3/MRTexture.ubulk" 576
"../../../Engine/Plugins/Runtime/OpenXR/Content/Devices/OculusTouch_v3/BaseTexture.uasset" 577
"../../../Engine/Plugins/Runtime/OpenXR/Content/Devices/OculusTouch_v3/BaseTexture.uexp" 578
"../../../Engine/Plugins/Runtime/OpenXR/Content/Devices/OculusTouch_v3/BaseTexture.ubulk" 579
"../../../Engine/Plugins/Runtime/OpenXR/Content/Devices/OculusTouch_v3/MI_OculusTouch_v3.uasset" 580
"../../../Engine/Plugins/Runtime/OpenXR/Content/Devices/OculusTouch_v3/MI_OculusTouch_v3.uexp" 581
"../../../Engine/Plugins/Runtime/OpenXR/Content/Devices/OculusTouch_v3/Left/left_OculusTouch_v3Controller.uasset" 582
"../../../Engine/Plugins/Runtime/OpenXR/Content/Devices/OculusTouch_v3/Left/left_OculusTouch_v3Controller.uexp" 583
"../../../Engine/Plugins/Runtime/OpenXR/Content/Devices/OculusTouch_v3/Right/right_OculusTouch_v3Controller.uasset" 584
"../../../Engine/Plugins/Runtime/OpenXR/Content/Devices/OculusTouch_v3/Right/right_OculusTouch_v3Controller.uexp" 585
"../../../Engine/Plugins/Runtime/OpenXR/Content/Devices/ValveIndex/MRTexture.uasset" 586
"../../../Engine/Plugins/Runtime/OpenXR/Content/Devices/ValveIndex/MRTexture.uexp" 587
"../../../Engine/Plugins/Runtime/OpenXR/Content/Devices/ValveIndex/MRTexture.ubulk" 588
"../../../Engine/Plugins/Runtime/OpenXR/Content/Devices/ValveIndex/BaseTexture.uasset" 589
"../../../Engine/Plugins/Runtime/OpenXR/Content/Devices/ValveIndex/BaseTexture.uexp" 590
"../../../Engine/Plugins/Runtime/OpenXR/Content/Devices/ValveIndex/BaseTexture.ubulk" 591
"../../../Engine/Plugins/Runtime/OpenXR/Content/Devices/ValveIndex/Left/MI_left_ValveIndex.uasset" 592
"../../../Engine/Plugins/Runtime/OpenXR/Content/Devices/ValveIndex/Left/MI_left_ValveIndex.uexp" 593
"../../../Engine/Plugins/Runtime/OpenXR/Content/Devices/ValveIndex/Left/left_ValveIndexController.uasset" 594
"../../../Engine/Plugins/Runtime/OpenXR/Content/Devices/ValveIndex/Left/left_ValveIndexController.uexp" 595
"../../../Engine/Plugins/Runtime/OpenXR/Content/Devices/ValveIndex/Right/MI_right_ValveIndex.uasset" 596
"../../../Engine/Plugins/Runtime/OpenXR/Content/Devices/ValveIndex/Right/MI_right_ValveIndex.uexp" 597
"../../../Engine/Plugins/Runtime/OpenXR/Content/Devices/ValveIndex/Right/right_ValveIndexController.uasset" 598
"../../../Engine/Plugins/Runtime/OpenXR/Content/Devices/ValveIndex/Right/right_ValveIndexController.uexp" 599
"../../../Engine/Content/Functions/Engine_MaterialFunctions02/Utility/BreakOutFloat4Components.uasset" 600
"../../../Engine/Content/Functions/Engine_MaterialFunctions02/Utility/BreakOutFloat4Components.uexp" 601
"../../../Engine/Content/Functions/Engine_MaterialFunctions02/Utility/MakeFloat3.uasset" 602
"../../../Engine/Content/Functions/Engine_MaterialFunctions02/Utility/MakeFloat3.uexp" 603
"../../../Engine/Plugins/Runtime/Oculus/OculusVR/Content/Materials/OculusMR_ChromaKey.uasset" 604
"../../../Engine/Plugins/Runtime/Oculus/OculusVR/Content/Materials/OculusMR_ChromaKey.uexp" 605
"../../../Engine/Plugins/Runtime/Oculus/OculusVR/Content/Materials/OculusMR_OpaqueColoredMaterial.uasset" 606
"../../../Engine/Plugins/Runtime/Oculus/OculusVR/Content/Materials/OculusMR_OpaqueColoredMaterial.uexp" 607
"../../../Engine/Plugins/Runtime/Oculus/OculusVR/Content/Materials/PokeAHoleMaterial.uasset" 608
"../../../Engine/Plugins/Runtime/Oculus/OculusVR/Content/Materials/PokeAHoleMaterial.uexp" 609
"../../../Engine/Plugins/Runtime/Oculus/OculusVR/Content/Textures/touchController_controlmap.uasset" 610
"../../../Engine/Plugins/Runtime/Oculus/OculusVR/Content/Textures/touchController_controlmap.uexp" 611
"../../../Engine/Plugins/Runtime/Oculus/OculusVR/Content/Textures/touchController_controlmap.ubulk" 612
"../../../Engine/Plugins/Runtime/Oculus/OculusVR/Content/Textures/touchController_albedo.uasset" 613
"../../../Engine/Plugins/Runtime/Oculus/OculusVR/Content/Textures/touchController_albedo.uexp" 614
"../../../Engine/Plugins/Runtime/Oculus/OculusVR/Content/Textures/touchController_albedo.ubulk" 615
"../../../Engine/Plugins/Runtime/Oculus/OculusVR/Content/Materials/touchController_mat.uasset" 616
"../../../Engine/Plugins/Runtime/Oculus/OculusVR/Content/Materials/touchController_mat.uexp" 617
"../../../Engine/Plugins/Runtime/Oculus/OculusVR/Content/Meshes/LeftTouchController.uasset" 618
"../../../Engine/Plugins/Runtime/Oculus/OculusVR/Content/Meshes/LeftTouchController.uexp" 619
"../../../Engine/Plugins/Runtime/Oculus/OculusVR/Content/Textures/TouchForQuestRiftSController_albedo.uasset" 620
"../../../Engine/Plugins/Runtime/Oculus/OculusVR/Content/Textures/TouchForQuestRiftSController_albedo.uexp" 621
"../../../Engine/Plugins/Runtime/Oculus/OculusVR/Content/Textures/TouchForQuestRiftSController_albedo.ubulk" 622
"../../../Engine/Plugins/Runtime/Oculus/OculusVR/Content/Materials/TouchForQuestRiftSControllerMaterial.uasset" 623
"../../../Engine/Plugins/Runtime/Oculus/OculusVR/Content/Materials/TouchForQuestRiftSControllerMaterial.uexp" 624
"../../../Engine/Plugins/Runtime/Oculus/OculusVR/Content/Meshes/LeftTouchForQuestRiftSController.uasset" 625
"../../../Engine/Plugins/Runtime/Oculus/OculusVR/Content/Meshes/LeftTouchForQuestRiftSController.uexp" 626
"../../../Engine/Plugins/Runtime/Oculus/OculusVR/Content/Meshes/RiftHMD.uasset" 627
"../../../Engine/Plugins/Runtime/Oculus/OculusVR/Content/Meshes/RiftHMD.uexp" 628
"../../../Engine/Plugins/Runtime/Oculus/OculusVR/Content/Meshes/RightTouchController.uasset" 629
"../../../Engine/Plugins/Runtime/Oculus/OculusVR/Content/Meshes/RightTouchController.uexp" 630
"../../../Engine/Plugins/Runtime/Oculus/OculusVR/Content/Meshes/RightTouchForQuestRiftSController.uasset" 631
"../../../Engine/Plugins/Runtime/Oculus/OculusVR/Content/Meshes/RightTouchForQuestRiftSController.uexp" 632
"D:/UNREAL ENGINE PROJECTS/Building Escape/Building_Escape/Content/Sounds/door-lock.uasset" 633
"D:/UNREAL ENGINE PROJECTS/Building Escape/Building_Escape/Content/Sounds/door-lock.uexp" 634
"D:/UNREAL ENGINE PROJECTS/Building Escape/Building_Escape/Content/Models/Materials_and_textures/M_Brass.uasset" 635
"D:/UNREAL ENGINE PROJECTS/Building Escape/Building_Escape/Content/Models/Materials_and_textures/M_Brass.uexp" 636
"D:/UNREAL ENGINE PROJECTS/Building Escape/Building_Escape/Content/Models/Materials_and_textures/SM_Door.uasset" 637
"D:/UNREAL ENGINE PROJECTS/Building Escape/Building_Escape/Content/Models/Materials_and_textures/SM_Door.uexp" 638
"../../../Engine/Content/MapTemplates/SM_Template_Map_Floor.uasset" 639
"../../../Engine/Content/MapTemplates/SM_Template_Map_Floor.uexp" 640
"../../../Engine/Content/EngineSky/T_Sky_Stars.uasset" 641
"../../../Engine/Content/EngineSky/T_Sky_Stars.uexp" 642
"../../../Engine/Content/EngineSky/T_Sky_Stars.ubulk" 643
"../../../Engine/Content/EngineSky/T_Sky_Clouds_M.uasset" 644
"../../../Engine/Content/EngineSky/T_Sky_Clouds_M.uexp" 645
"../../../Engine/Content/EngineSky/T_Sky_Clouds_M.ubulk" 646
"../../../Engine/Content/EngineSky/T_Sky_Blue.uasset" 647
"../../../Engine/Content/EngineSky/T_Sky_Blue.uexp" 648
"../../../Engine/Content/EngineSky/T_Sky_Blue.ubulk" 649
"../../../Engine/Content/BasicShapes/Sphere.uasset" 650
"../../../Engine/Content/BasicShapes/Sphere.uexp" 651
"../../../Engine/Content/BasicShapes/Cube.uasset" 652
"../../../Engine/Content/BasicShapes/Cube.uexp" 653
"../../../Engine/Content/BasicShapes/Cone.uasset" 654
"../../../Engine/Content/BasicShapes/Cone.uexp" 655
"D:/UNREAL ENGINE PROJECTS/Building Escape/Building_Escape/Content/Models/Materials_and_textures/doorframe.uasset" 656
"D:/UNREAL ENGINE PROJECTS/Building Escape/Building_Escape/Content/Models/Materials_and_textures/doorframe.uexp" 657
"D:/UNREAL ENGINE PROJECTS/Building Escape/Building_Escape/Content/Models/Materials_and_textures/doorframe.ubulk" 658
"D:/UNREAL ENGINE PROJECTS/Building Escape/Building_Escape/Content/Models/Materials_and_textures/M_Doorframe_Mat.uasset" 659
"D:/UNREAL ENGINE PROJECTS/Building Escape/Building_Escape/Content/Models/Materials_and_textures/M_Doorframe_Mat.uexp" 660
"D:/UNREAL ENGINE PROJECTS/Building Escape/Building_Escape/Content/Models/Materials_and_textures/MI_Stone_mat_instance.uasset" 661
"D:/UNREAL ENGINE PROJECTS/Building Escape/Building_Escape/Content/Models/Materials_and_textures/MI_Stone_mat_instance.uexp" 662
"D:/UNREAL ENGINE PROJECTS/Building Escape/Building_Escape/Content/Models/Materials_and_textures/MI_doormaterial_instance.uasset" 663
"D:/UNREAL ENGINE PROJECTS/Building Escape/Building_Escape/Content/Models/Materials_and_textures/MI_doormaterial_instance.uexp" 664
"../../../Engine/Content/EngineSky/M_Sky_Panning_Clouds2.uasset" 665
"../../../Engine/Content/EngineSky/M_Sky_Panning_Clouds2.uexp" 666
"../../../Engine/Content/BasicShapes/BasicShapeMaterial.uasset" 667
"../../../Engine/Content/BasicShapes/BasicShapeMaterial.uexp" 668
"D:/UNREAL ENGINE PROJECTS/Building Escape/Building_Escape/Content/Models/Materials_and_textures/SM_DoorFrame.uasset" 669
"D:/UNREAL ENGINE PROJECTS/Building Escape/Building_Escape/Content/Models/Materials_and_textures/SM_DoorFrame.uexp" 670
"D:/UNREAL ENGINE PROJECTS/Building Escape/Building_Escape/Content/Levels/Building_Escape_BuiltData.uasset" 671
"D:/UNREAL ENGINE PROJECTS/Building Escape/Building_Escape/Content/Levels/Building_Escape_BuiltData.uexp" 672
"D:/UNREAL ENGINE PROJECTS/Building Escape/Building_Escape/Content/Levels/Building_Escape_BuiltData.ubulk" 673
"../../../Engine/Content/EngineSky/SM_SkySphere.uasset" 674
"../../../Engine/Content/EngineSky/SM_SkySphere.uexp" 675
"../../../Engine/Content/EngineSky/C_Sky_Zenith_Color.uasset" 676
"../../../Engine/Content/EngineSky/C_Sky_Zenith_Color.uexp" 677
"../../../Engine/Content/EngineSky/C_Sky_Horizon_Color.uasset" 678
"../../../Engine/Content/EngineSky/C_Sky_Horizon_Color.uexp" 679
"../../../Engine/Content/EngineSky/C_Sky_Cloud_Color.uasset" 680
"../../../Engine/Content/EngineSky/C_Sky_Cloud_Color.uexp" 681
"../../../Engine/Content/EngineSky/BP_Sky_Sphere.uasset" 682
"../../../Engine/Content/EngineSky/BP_Sky_Sphere.uexp" 683
"D:/UNREAL ENGINE PROJECTS/Building Escape/Building_Escape/Content/Levels/Building_Escape.uexp" 684
"D:/UNREAL ENGINE PROJECTS/Building Escape/Building_Escape/Content/Levels/Building_Escape.umap" 685
"D:/UNREAL ENGINE PROJECTS/Building Escape/Building_Escape/Content/ThirdPersonBP/Maps/ThirdPersonExampleMap_BuiltData.uasset" 686
"D:/UNREAL ENGINE PROJECTS/Building Escape/Building_Escape/Content/ThirdPersonBP/Maps/ThirdPersonExampleMap_BuiltData.uexp" 687
"D:/UNREAL ENGINE PROJECTS/Building Escape/Building_Escape/Content/ThirdPersonBP/Maps/ThirdPersonExampleMap_BuiltData.ubulk" 688
"D:/UNREAL ENGINE PROJECTS/Building Escape/Building_Escape/Content/ThirdPerson/Meshes/RampMaterial.uasset" 689
"D:/UNREAL ENGINE PROJECTS/Building Escape/Building_Escape/Content/ThirdPerson/Meshes/RampMaterial.uexp" 690
"D:/UNREAL ENGINE PROJECTS/Building Escape/Building_Escape/Content/ThirdPerson/Meshes/RightArm_StaticMesh.uasset" 691
"D:/UNREAL ENGINE PROJECTS/Building Escape/Building_Escape/Content/ThirdPerson/Meshes/RightArm_StaticMesh.uexp" 692
"D:/UNREAL ENGINE PROJECTS/Building Escape/Building_Escape/Content/ThirdPerson/Meshes/Ramp_StaticMesh.uasset" 693
"D:/UNREAL ENGINE PROJECTS/Building Escape/Building_Escape/Content/ThirdPerson/Meshes/Ramp_StaticMesh.uexp" 694
"D:/UNREAL ENGINE PROJECTS/Building Escape/Building_Escape/Content/ThirdPerson/Meshes/Linear_Stair_StaticMesh.uasset" 695
"D:/UNREAL ENGINE PROJECTS/Building Escape/Building_Escape/Content/ThirdPerson/Meshes/Linear_Stair_StaticMesh.uexp" 696
"D:/UNREAL ENGINE PROJECTS/Building Escape/Building_Escape/Content/ThirdPerson/Meshes/LeftArm_StaticMesh.uasset" 697
"D:/UNREAL ENGINE PROJECTS/Building Escape/Building_Escape/Content/ThirdPerson/Meshes/LeftArm_StaticMesh.uexp" 698
"D:/UNREAL ENGINE PROJECTS/Building Escape/Building_Escape/Content/ThirdPerson/Meshes/Bump_StaticMesh.uasset" 699
"D:/UNREAL ENGINE PROJECTS/Building Escape/Building_Escape/Content/ThirdPerson/Meshes/Bump_StaticMesh.uexp" 700
"D:/UNREAL ENGINE PROJECTS/Building Escape/Building_Escape/Content/Geometry/Meshes/CubeMaterial.uasset" 701
"D:/UNREAL ENGINE PROJECTS/Building Escape/Building_Escape/Content/Geometry/Meshes/CubeMaterial.uexp" 702
"D:/UNREAL ENGINE PROJECTS/Building Escape/Building_Escape/Content/Geometry/Meshes/TemplateFloor.uasset" 703
"D:/UNREAL ENGINE PROJECTS/Building Escape/Building_Escape/Content/Geometry/Meshes/TemplateFloor.uexp" 704
"D:/UNREAL ENGINE PROJECTS/Building Escape/Building_Escape/Content/Geometry/Meshes/1M_Cube_Chamfer.uasset" 705
"D:/UNREAL ENGINE PROJECTS/Building Escape/Building_Escape/Content/Geometry/Meshes/1M_Cube_Chamfer.uexp" 706
"D:/UNREAL ENGINE PROJECTS/Building Escape/Building_Escape/Content/Geometry/Meshes/1M_Cube.uasset" 707
"D:/UNREAL ENGINE PROJECTS/Building Escape/Building_Escape/Content/Geometry/Meshes/1M_Cube.uexp" 708
"D:/UNREAL ENGINE PROJECTS/Building Escape/Building_Escape/Content/ThirdPersonBP/Maps/ThirdPersonExampleMap.uexp" 709
"D:/UNREAL ENGINE PROJECTS/Building Escape/Building_Escape/Content/ThirdPersonBP/Maps/ThirdPersonExampleMap.umap" 710
"../../../Engine/Content/Maps/Entry_BuiltData.uasset" 711
"../../../Engine/Content/Maps/Entry_BuiltData.uexp" 712
"../../../Engine/Content/Maps/Entry.uexp" 713
"../../../Engine/Content/Maps/Entry.umap" 714
"../../../Engine/Content/Maps/Templates/Template_Default_BuiltData.uasset" 715
"../../../Engine/Content/Maps/Templates/Template_Default_BuiltData.uexp" 716
"../../../Engine/Content/Maps/Templates/Template_Default_BuiltData.ubulk" 717
"../../../Engine/Content/Maps/Templates/Template_Default.uexp" 718
"../../../Engine/Content/Maps/Templates/Template_Default.umap" 719
